<?xml version="1.0" encoding="UTF-8"?>
<testsuite name="com.Task11ApplicationTests" tests="1" skipped="0" failures="0" errors="0" timestamp="2022-06-04T15:21:01" hostname="DESKTOP-97V8HDM" time="0.509">
  <properties/>
  <testcase name="contextLoads()" classname="com.Task11ApplicationTests" time="0.509"/>
  <system-out><![CDATA[18:20:56.772 [Test worker] DEBUG org.springframework.test.context.BootstrapUtils - Instantiating CacheAwareContextLoaderDelegate from class [org.springframework.test.context.cache.DefaultCacheAwareContextLoaderDelegate]
18:20:56.787 [Test worker] DEBUG org.springframework.test.context.BootstrapUtils - Instantiating BootstrapContext using constructor [public org.springframework.test.context.support.DefaultBootstrapContext(java.lang.Class,org.springframework.test.context.CacheAwareContextLoaderDelegate)]
18:20:56.823 [Test worker] DEBUG org.springframework.test.context.BootstrapUtils - Instantiating TestContextBootstrapper for test class [com.Task11ApplicationTests] from class [org.springframework.boot.test.context.SpringBootTestContextBootstrapper]
18:20:56.836 [Test worker] INFO org.springframework.boot.test.context.SpringBootTestContextBootstrapper - Neither @ContextConfiguration nor @ContextHierarchy found for test class [com.Task11ApplicationTests], using SpringBootContextLoader
18:20:56.841 [Test worker] DEBUG org.springframework.test.context.support.AbstractContextLoader - Did not detect default resource location for test class [com.Task11ApplicationTests]: class path resource [com/Task11ApplicationTests-context.xml] does not exist
18:20:56.841 [Test worker] DEBUG org.springframework.test.context.support.AbstractContextLoader - Did not detect default resource location for test class [com.Task11ApplicationTests]: class path resource [com/Task11ApplicationTestsContext.groovy] does not exist
18:20:56.842 [Test worker] INFO org.springframework.test.context.support.AbstractContextLoader - Could not detect default resource locations for test class [com.Task11ApplicationTests]: no resource found for suffixes {-context.xml, Context.groovy}.
18:20:56.844 [Test worker] INFO org.springframework.test.context.support.AnnotationConfigContextLoaderUtils - Could not detect default configuration classes for test class [com.Task11ApplicationTests]: Task11ApplicationTests does not declare any static, non-private, non-final, nested classes annotated with @Configuration.
18:20:56.897 [Test worker] DEBUG org.springframework.test.context.support.ActiveProfilesUtils - Could not find an 'annotation declaring class' for annotation type [org.springframework.test.context.ActiveProfiles] and class [com.Task11ApplicationTests]
18:20:56.980 [Test worker] DEBUG org.springframework.context.annotation.ClassPathScanningCandidateComponentProvider - Identified candidate component class: file [E:\Intelij IDEA projects\Задачи по Джаве 4 сем\JavaTasks4\Task1\src\Task11\untitled\build\classes\java\main\com\Application.class]
18:20:56.982 [Test worker] INFO org.springframework.boot.test.context.SpringBootTestContextBootstrapper - Found @SpringBootConfiguration com.Application for test class com.Task11ApplicationTests
18:20:57.094 [Test worker] DEBUG org.springframework.boot.test.context.SpringBootTestContextBootstrapper - @TestExecutionListeners is not present for class [com.Task11ApplicationTests]: using defaults.
18:20:57.094 [Test worker] INFO org.springframework.boot.test.context.SpringBootTestContextBootstrapper - Loaded default TestExecutionListener class names from location [META-INF/spring.factories]: [org.springframework.boot.test.autoconfigure.restdocs.RestDocsTestExecutionListener, org.springframework.boot.test.autoconfigure.web.client.MockRestServiceServerResetTestExecutionListener, org.springframework.boot.test.autoconfigure.web.servlet.MockMvcPrintOnlyOnFailureTestExecutionListener, org.springframework.boot.test.autoconfigure.web.servlet.WebDriverTestExecutionListener, org.springframework.boot.test.autoconfigure.webservices.client.MockWebServiceServerTestExecutionListener, org.springframework.boot.test.mock.mockito.MockitoTestExecutionListener, org.springframework.boot.test.mock.mockito.ResetMocksTestExecutionListener, org.springframework.test.context.web.ServletTestExecutionListener, org.springframework.test.context.support.DirtiesContextBeforeModesTestExecutionListener, org.springframework.test.context.event.ApplicationEventsTestExecutionListener, org.springframework.test.context.support.DependencyInjectionTestExecutionListener, org.springframework.test.context.support.DirtiesContextTestExecutionListener, org.springframework.test.context.transaction.TransactionalTestExecutionListener, org.springframework.test.context.jdbc.SqlScriptsTestExecutionListener, org.springframework.test.context.event.EventPublishingTestExecutionListener]
18:20:57.108 [Test worker] DEBUG org.springframework.boot.test.context.SpringBootTestContextBootstrapper - Skipping candidate TestExecutionListener [org.springframework.test.context.transaction.TransactionalTestExecutionListener] due to a missing dependency. Specify custom listener classes or make the default listener classes and their required dependencies available. Offending class: [org/springframework/transaction/interceptor/TransactionAttributeSource]
18:20:57.109 [Test worker] DEBUG org.springframework.boot.test.context.SpringBootTestContextBootstrapper - Skipping candidate TestExecutionListener [org.springframework.test.context.jdbc.SqlScriptsTestExecutionListener] due to a missing dependency. Specify custom listener classes or make the default listener classes and their required dependencies available. Offending class: [org/springframework/transaction/interceptor/TransactionAttribute]
18:20:57.110 [Test worker] INFO org.springframework.boot.test.context.SpringBootTestContextBootstrapper - Using TestExecutionListeners: [org.springframework.test.context.web.ServletTestExecutionListener@1252b961, org.springframework.test.context.support.DirtiesContextBeforeModesTestExecutionListener@9ed238c, org.springframework.test.context.event.ApplicationEventsTestExecutionListener@56276db8, org.springframework.boot.test.mock.mockito.MockitoTestExecutionListener@51e8e6e6, org.springframework.boot.test.autoconfigure.SpringBootDependencyInjectionTestExecutionListener@56f6d40b, org.springframework.test.context.support.DirtiesContextTestExecutionListener@36676c1a, org.springframework.test.context.event.EventPublishingTestExecutionListener@5b408dc3, org.springframework.boot.test.autoconfigure.restdocs.RestDocsTestExecutionListener@4d098f9b, org.springframework.boot.test.autoconfigure.web.client.MockRestServiceServerResetTestExecutionListener@2dbf4cbd, org.springframework.boot.test.autoconfigure.web.servlet.MockMvcPrintOnlyOnFailureTestExecutionListener@20b5f2ac, org.springframework.boot.test.autoconfigure.web.servlet.WebDriverTestExecutionListener@7fc44dec, org.springframework.boot.test.autoconfigure.webservices.client.MockWebServiceServerTestExecutionListener@7e3060d8, org.springframework.boot.test.mock.mockito.ResetMocksTestExecutionListener@293d0107]
18:20:57.116 [Test worker] DEBUG org.springframework.test.context.support.AbstractDirtiesContextTestExecutionListener - Before test class: context [DefaultTestContext@71984c3 testClass = Task11ApplicationTests, testInstance = [null], testMethod = [null], testException = [null], mergedContextConfiguration = [WebMergedContextConfiguration@165b2f7f testClass = Task11ApplicationTests, locations = '{}', classes = '{class com.Application}', contextInitializerClasses = '[]', activeProfiles = '{}', propertySourceLocations = '{}', propertySourceProperties = '{org.springframework.boot.test.context.SpringBootTestContextBootstrapper=true}', contextCustomizers = set[org.springframework.boot.test.autoconfigure.actuate.metrics.MetricsExportContextCustomizerFactory$DisableMetricExportContextCustomizer@1603cd68, org.springframework.boot.test.autoconfigure.properties.PropertyMappingContextCustomizer@0, org.springframework.boot.test.autoconfigure.web.servlet.WebDriverContextCustomizerFactory$Customizer@34c01041, org.springframework.boot.test.context.filter.ExcludeFilterContextCustomizer@7f0d96f2, org.springframework.boot.test.json.DuplicateJsonObjectContextCustomizerFactory$DuplicateJsonObjectContextCustomizer@524f3b3a, org.springframework.boot.test.mock.mockito.MockitoContextCustomizer@0, org.springframework.boot.test.web.client.TestRestTemplateContextCustomizer@2f62ea70, org.springframework.boot.test.context.SpringBootTestArgs@1, org.springframework.boot.test.context.SpringBootTestWebEnvironment@55536d9e], resourceBasePath = 'src/main/webapp', contextLoader = 'org.springframework.boot.test.context.SpringBootContextLoader', parent = [null]], attributes = map['org.springframework.test.context.web.ServletTestExecutionListener.activateListener' -> true]], class annotated with @DirtiesContext [false] with mode [null].
18:20:57.165 [Test worker] DEBUG org.springframework.test.context.support.TestPropertySourceUtils - Adding inlined properties to environment: {spring.jmx.enabled=false, org.springframework.boot.test.context.SpringBootTestContextBootstrapper=true}

  .   ____          _            __ _ _
 /\\ / ___'_ __ _ _(_)_ __  __ _ \ \ \ \
( ( )\___ | '_ | '_| | '_ \/ _` | \ \ \ \
 \\/  ___)| |_)| | | | | || (_| |  ) ) ) )
  '  |____| .__|_| |_|_| |_\__, | / / / /
 =========|_|==============|___/=/_/_/_/
 :: Spring Boot ::                (v2.4.5)

2022-06-04 18:20:57.529  INFO 6416 --- [    Test worker] com.Task11ApplicationTests               : Starting Task11ApplicationTests using Java 16.0.2 on DESKTOP-97V8HDM with PID 6416 (started by eghor in E:\Intelij IDEA projects\Задачи по Джаве 4 сем\JavaTasks4\Task1\src\Task11\untitled)
2022-06-04 18:20:57.534  INFO 6416 --- [    Test worker] com.Task11ApplicationTests               : No active profile set, falling back to default profiles: default
2022-06-04 18:21:00.569  INFO 6416 --- [    Test worker] o.s.s.concurrent.ThreadPoolTaskExecutor  : Initializing ExecutorService 'applicationTaskExecutor'
2022-06-04 18:21:01.241  INFO 6416 --- [    Test worker] o.s.b.a.e.web.EndpointLinksResolver      : Exposing 14 endpoint(s) beneath base path '/actuator'
2022-06-04 18:21:01.312  INFO 6416 --- [    Test worker] com.Task11ApplicationTests               : Started Task11ApplicationTests in 4.132 seconds (JVM running for 5.562)
]]></system-out>
  <system-err><![CDATA[]]></system-err>
</testsuite>
